<?xml version="1.0" encoding="UTF-8"?>
<!-- Generated by org.testng.reporters.JUnitXMLReporter -->
<testsuite ignored="1" hostname="LAPTOP-C9GCE5DU" failures="1" tests="1" name="GetBooks" time="6.175" errors="0" timestamp="2021-08-05T23:50:09 IST">
  <testcase classname="Tests.AddBook" name="getBooks" time="5.257">
    <failure type="com.couchbase.client.core.error.InvalidArgumentException" message="Unsupported type for JSON value: class org.openqa.selenium.json.Json">
      <![CDATA[com.couchbase.client.core.error.InvalidArgumentException: Unsupported type for JSON value: class org.openqa.selenium.json.Json
at com.couchbase.client.core.error.InvalidArgumentException.fromMessage(InvalidArgumentException.java:28)
at com.couchbase.client.java.json.JsonValue.coerce(JsonValue.java:94)
at com.couchbase.client.java.json.JsonObject.put(JsonObject.java:222)
at Utilities.Database.CouchBase.createDocument(CouchBase.java:78)
at Tests.AddBook.getBooks(AddBook.java:92)
at java.base/java.util.ArrayList.forEach(ArrayList.java:1511)
... Removed 27 stack frames]]>
    </failure>
  </testcase> <!-- getBooks -->
  <testcase classname="Tests.AddBook" name="addBook" time="0.0">
    <ignored/>
  </testcase> <!-- addBook -->
</testsuite> <!-- GetBooks -->
