<?xml version="1.0" encoding="UTF-8"?>
<!-- Generated by org.testng.reporters.JUnitXMLReporter -->
<testsuite ignored="3" hostname="LAPTOP-C9GCE5DU" failures="1" tests="1" name="SAVE_USER" time="1.525" errors="0" timestamp="2022-06-26T14:57:48 IST">
  <testcase classname="V1.ApiTest" name="getCouchBaseDocument" time="1.398">
    <failure type="java.lang.AssertionError" message="The following asserts failed:
	expected [201] but found [200]">
      <![CDATA[java.lang.AssertionError: The following asserts failed:
expected [201] but found [200]
at V1.ApiTest.getCouchBaseDocument(ApiTest.java:95)
at java.base/java.util.ArrayList.forEach(ArrayList.java:1511)
... Removed 29 stack frames]]>
    </failure>
  </testcase> <!-- getCouchBaseDocument -->
  <testcase classname="V1.ApiTest" name="getUsers" time="0.0">
    <ignored/>
  </testcase> <!-- getUsers -->
  <testcase classname="V1.ApiTest" name="saveUser" time="0.0">
    <ignored/>
  </testcase> <!-- saveUser -->
  <testcase classname="V1.ApiTest" name="unixTest" time="0.0">
    <ignored/>
  </testcase> <!-- unixTest -->
</testsuite> <!-- SAVE_USER -->
